<?xml version="1.0" encoding="UTF-8"?>
<!-- Generated by org.testng.reporters.JUnitReportReporter -->
<testsuite hostname="LIN-5CD532CCPB" failures="0" tests="1" name="com.edureka.test.DummyTest" time="3.754" errors="0" timestamp="2025-10-31T13:24:49 IST" skipped="0">
  <testcase classname="com.edureka.test.DummyTest" name="sampleTest" time="3.754"/>
</testsuite> <!-- com.edureka.test.DummyTest -->
