<?xml version="1.0" encoding="UTF-8"?>
<!-- Generated by org.testng.reporters.JUnitReportReporter -->
<testsuite hostname="LIN-5CD5335FMD" failures="0" tests="1" name="com.edureka.test.Test" time="16.534" errors="0" timestamp="2025-10-30T23:24:55 IST" skipped="0">
  <testcase classname="com.edureka.test.Test" name="test01" time="16.534"/>
</testsuite> <!-- com.edureka.test.Test -->
