<?xml version="1.0" encoding="UTF-8"?>
<!-- Generated by org.testng.reporters.JUnitReportReporter -->
<testsuite hostname="LIN-5CD532CCPB" failures="0" tests="1" name="com.edureka.test.DummyTest" time="49.163" errors="0" timestamp="2025-11-01T01:34:45 IST" skipped="0">
  <testcase classname="com.edureka.test.DummyTest" name="sampleTest" time="49.163"/>
</testsuite> <!-- com.edureka.test.DummyTest -->
